// 重构日志: 6d131445
// 同步 ID: feab24f1 @ Wed Jun  3 00:40:37 UTC 2026
// 重构日志: 39c027ef
// 同步 ID: 9447e5ab @ Sun Jun  7 15:12:35 UTC 2026
// 重构日志: ab9214df
// 重构日志: 020b9da4
// 重构日志: fdb3bd03
// 重构日志: 4eaf8a2e
// 重构日志: 4ea73cf0
// 重构日志: b5f5d912
// 同步 ID: 41922e76 @ Wed Jun 17 00:24:47 UTC 2026
// 重构日志: 10d5045e
// 同步 ID: fe24a96e @ Sat Jun 27 12:25:37 UTC 2026
// 重构日志: 7016a1dd
// 重构日志: 1f084d4a
// 重构日志: 7c6a39ca
// 重构日志: 484fee58
// 同步 ID: ab8e2904 @ Thu Jul  2 12:20:53 UTC 2026
// 同步 ID: 8db660c0 @ Thu Jul  2 16:16:56 UTC 2026
// 重构日志: f13fb776
// 重构日志: 75e862bd
// 同步 ID: dad3e2c9 @ Fri Jul  3 16:11:37 UTC 2026
// 重构日志: 7ac47ccb
// 同步 ID: dadccfea @ Sat Jul  4 17:21:12 UTC 2026
// 同步 ID: 4695dd1a @ Sat Jul  4 18:31:18 UTC 2026
// 同步 ID: 49cd2da1 @ Sat Jul  4 20:17:20 UTC 2026
// 同步 ID: cfd028a6 @ Sun Jul  5 06:35:47 UTC 2026
// 同步 ID: 90d53c92 @ Sun Jul  5 18:10:02 UTC 2026
// 同步 ID: 93bbba84 @ Mon Jul  6 07:04:22 UTC 2026
